<?xml version="1.0" encoding="UTF-8"?>
<!-- Generated by org.testng.reporters.JUnitReportReporter -->
<testsuite hostname="LAPTOP-5GU9F064" failures="0" tests="4" name="api.test.UserTests" time="7.571" errors="0" timestamp="2024-02-05T14:15:19 IST" skipped="0">
  <testcase classname="api.test.UserTests" name="testPostUser" time="2.792"/>
  <system-out/>
  <testcase classname="api.test.UserTests" name="testGetUserUserByName" time="1.351"/>
  <system-out/>
  <testcase classname="api.test.UserTests" name="testUpdateUserByName" time="2.288"/>
  <system-out/>
  <testcase classname="api.test.UserTests" name="deleteUserByName" time="1.140"/>
  <system-out/>
</testsuite> <!-- api.test.UserTests -->
