<?xml version="1.0" encoding="UTF-8"?>
<!-- Generated by org.testng.reporters.JUnitReportReporter -->
<testsuite hostname="LAPTOP-5GU9F064" failures="0" tests="4" name="api.test.UserTests2" time="8.224" errors="0" timestamp="2024-02-05T21:38:20 IST" skipped="0">
  <testcase classname="api.test.UserTests2" name="testPostUser" time="2.800"/>
  <system-out/>
  <testcase classname="api.test.UserTests2" name="testGetUserUserByName" time="1.645"/>
  <system-out/>
  <testcase classname="api.test.UserTests2" name="testUpdateUserByName" time="2.545"/>
  <system-out/>
  <testcase classname="api.test.UserTests2" name="deleteUserByName" time="1.234"/>
  <system-out/>
</testsuite> <!-- api.test.UserTests2 -->
