<?xml version="1.0" encoding="UTF-8"?>
<!-- Generated by org.testng.reporters.JUnitReportReporter -->
<testsuite hostname="LAPTOP-5GU9F064" failures="0" tests="4" name="api.test.UserTests" time="6.537" errors="0" timestamp="2024-02-05T22:14:33 IST" skipped="0">
  <testcase classname="api.test.UserTests" name="testPostUser" time="1.906"/>
  <system-out/>
  <testcase classname="api.test.UserTests" name="testGetUserUserByName" time="1.133"/>
  <system-out/>
  <testcase classname="api.test.UserTests" name="testUpdateUserByName" time="2.393"/>
  <system-out/>
  <testcase classname="api.test.UserTests" name="deleteUserByName" time="1.105"/>
  <system-out/>
</testsuite> <!-- api.test.UserTests -->
